<?xml version="1.0" encoding="UTF-8"?>
<!-- Generated by org.testng.reporters.JUnitReportReporter -->
<testsuite hostname="WINDOWS-UNR7VLH" failures="0" tests="1" name="test.Sauce" time="14.483" errors="0" timestamp="2022-10-25T15:22:53 IST" skipped="0">
  <testcase classname="test.Sauce" name="SauceDemo" time="14.483"/>
  <system-out/>
</testsuite> <!-- test.Sauce -->
